[2022-05-07T18:48:50.395] [WARN] default - GET /json/version
[2022-05-07T18:48:50.413] [WARN] default - GET /json
[2022-05-07T18:48:52.413] [WARN] default - GET /json/version
[2022-05-07T18:48:52.428] [WARN] default - GET /json
[2022-05-07T18:48:59.512] [WARN] default - GET /json/version
[2022-05-07T18:48:59.526] [WARN] default - GET /json
[2022-05-07T18:49:03.586] [WARN] default - GET /json/version
[2022-05-07T18:49:03.601] [WARN] default - GET /json
[2022-05-07T18:49:08.635] [WARN] default - GET /json/version
[2022-05-07T18:49:08.649] [WARN] default - GET /json
[2022-05-07T18:49:14.737] [WARN] default - GET /json/version
[2022-05-07T18:49:14.748] [WARN] default - GET /json
[2022-05-07T18:49:17.775] [WARN] default - GET /json/version
[2022-05-07T18:49:17.789] [WARN] default - GET /json
[2022-05-07T18:49:25.938] [WARN] default - GET /json/version
[2022-05-07T18:49:25.953] [WARN] default - GET /json
[2022-05-07T18:49:26.919] [WARN] default - GET /json/version
[2022-05-07T18:49:26.931] [WARN] default - GET /json
[2022-05-07T18:49:36.048] [WARN] default - GET /json/version
[2022-05-07T18:49:36.058] [WARN] default - GET /json
[2022-05-07T18:49:37.351] [WARN] default - GET /json/version
[2022-05-07T18:49:37.363] [WARN] default - GET /json
[2022-05-07T18:49:45.883] [WARN] default - GET /json/version
[2022-05-07T18:49:45.894] [WARN] default - GET /json
[2022-05-07T18:49:48.533] [WARN] default - GET /json/version
[2022-05-07T18:49:48.545] [WARN] default - GET /json
[2022-05-07T18:49:55.580] [WARN] default - GET /json/version
[2022-05-07T18:49:55.591] [WARN] default - GET /json
[2022-05-07T18:49:59.879] [WARN] default - GET /json/version
[2022-05-07T18:49:59.891] [WARN] default - GET /json
[2022-05-07T18:50:05.382] [WARN] default - GET /json/version
[2022-05-07T18:50:05.395] [WARN] default - GET /json
[2022-05-07T18:50:11.032] [WARN] default - GET /json/version
[2022-05-07T18:50:11.046] [WARN] default - GET /json
[2022-05-07T18:50:14.790] [WARN] default - GET /json/version
[2022-05-07T18:50:14.803] [WARN] default - GET /json
[2022-05-07T18:50:22.808] [WARN] default - GET /json/version
[2022-05-07T18:50:22.818] [WARN] default - GET /json
[2022-05-07T18:50:24.183] [WARN] default - GET /json/version
[2022-05-07T18:50:24.194] [WARN] default - GET /json
[2022-05-07T18:50:34.053] [WARN] default - GET /json/version
[2022-05-07T18:50:34.064] [WARN] default - GET /json
[2022-05-07T18:50:34.165] [WARN] default - GET /json/version
[2022-05-07T18:50:34.178] [WARN] default - GET /json
[2022-05-07T18:50:43.526] [WARN] default - GET /json/version
[2022-05-07T18:50:43.536] [WARN] default - GET /json
[2022-05-07T18:50:46.325] [WARN] default - GET /json/version
[2022-05-07T18:50:46.338] [WARN] default - GET /json
[2022-05-07T18:50:53.732] [WARN] default - GET /json/version
[2022-05-07T18:50:53.745] [WARN] default - GET /json
[2022-05-07T18:50:57.877] [WARN] default - GET /json/version
[2022-05-07T18:50:57.891] [WARN] default - GET /json
[2022-05-07T18:51:03.154] [WARN] default - GET /json/version
[2022-05-07T18:51:03.168] [WARN] default - GET /json
[2022-05-07T18:51:09.531] [WARN] default - GET /json/version
[2022-05-07T18:51:09.541] [WARN] default - GET /json
[2022-05-07T18:51:12.377] [WARN] default - GET /json/version
[2022-05-07T18:51:12.390] [WARN] default - GET /json
[2022-05-07T18:51:21.475] [WARN] default - GET /json/version
[2022-05-07T18:51:21.488] [WARN] default - GET /json
[2022-05-07T18:51:22.124] [WARN] default - GET /json/version
[2022-05-07T18:51:22.138] [WARN] default - GET /json
[2022-05-07T18:51:31.886] [WARN] default - GET /json/version
[2022-05-07T18:51:31.906] [WARN] default - GET /json
[2022-05-07T18:51:32.794] [WARN] default - GET /json/version
[2022-05-07T18:51:32.805] [WARN] default - GET /json
[2022-05-07T18:51:41.044] [WARN] default - GET /json/version
[2022-05-07T18:51:41.061] [WARN] default - GET /json
[2022-05-07T18:51:44.163] [WARN] default - GET /json/version
[2022-05-07T18:51:44.175] [WARN] default - GET /json
[2022-05-07T18:51:50.331] [WARN] default - GET /json/version
[2022-05-07T18:51:50.342] [WARN] default - GET /json
[2022-05-07T18:51:56.397] [WARN] default - GET /json/version
[2022-05-07T18:51:56.408] [WARN] default - GET /json
[2022-05-07T18:52:00.009] [WARN] default - GET /json/version
[2022-05-07T18:52:00.071] [WARN] default - GET /json
[2022-05-07T18:52:08.679] [WARN] default - GET /json/version
[2022-05-07T18:52:08.694] [WARN] default - GET /json
[2022-05-07T18:52:09.592] [WARN] default - GET /json/version
[2022-05-07T18:52:09.604] [WARN] default - GET /json
[2022-05-07T18:52:19.078] [WARN] default - GET /json/version
[2022-05-07T18:52:19.099] [WARN] default - GET /json
[2022-05-07T18:52:20.794] [WARN] default - GET /json/version
[2022-05-07T18:52:20.811] [WARN] default - GET /json
[2022-05-07T18:52:29.641] [WARN] default - GET /json/version
[2022-05-07T18:52:29.650] [WARN] default - GET /json
[2022-05-07T18:52:32.667] [WARN] default - GET /json/version
[2022-05-07T18:52:32.681] [WARN] default - GET /json
[2022-05-07T18:52:38.774] [WARN] default - GET /json/version
[2022-05-07T18:52:38.788] [WARN] default - GET /json
[2022-05-07T18:52:43.900] [WARN] default - GET /json/version
[2022-05-07T18:52:43.915] [WARN] default - GET /json
[2022-05-07T18:52:47.881] [WARN] default - GET /json/version
[2022-05-07T18:52:47.895] [WARN] default - GET /json
[2022-05-07T18:52:55.031] [WARN] default - GET /json/version
[2022-05-07T18:52:55.040] [WARN] default - GET /json
[2022-05-07T18:52:57.011] [WARN] default - GET /json/version
[2022-05-07T18:52:57.024] [WARN] default - GET /json
[2022-05-07T18:53:06.166] [WARN] default - GET /json/version
[2022-05-07T18:53:06.177] [WARN] default - GET /json
[2022-05-07T18:53:06.196] [WARN] default - GET /json/version
[2022-05-07T18:53:06.204] [WARN] default - GET /json
[2022-05-07T18:53:15.288] [WARN] default - GET /json/version
[2022-05-07T18:53:15.305] [WARN] default - GET /json
[2022-05-07T18:53:17.348] [WARN] default - GET /json/version
[2022-05-07T18:53:17.360] [WARN] default - GET /json
[2022-05-07T18:53:24.444] [WARN] default - GET /json/version
[2022-05-07T18:53:24.453] [WARN] default - GET /json
[2022-05-07T18:53:28.566] [WARN] default - GET /json/version
[2022-05-07T18:53:28.575] [WARN] default - GET /json
[2022-05-07T18:53:33.605] [WARN] default - GET /json/version
[2022-05-07T18:53:33.618] [WARN] default - GET /json
[2022-05-07T18:53:39.756] [WARN] default - GET /json/version
[2022-05-07T18:53:39.770] [WARN] default - GET /json
[2022-05-07T18:53:42.741] [WARN] default - GET /json/version
[2022-05-07T18:53:42.752] [WARN] default - GET /json
[2022-05-07T18:53:50.923] [WARN] default - GET /json/version
[2022-05-07T18:53:50.934] [WARN] default - GET /json
[2022-05-07T18:53:51.882] [WARN] default - GET /json/version
[2022-05-07T18:53:51.896] [WARN] default - GET /json
[2022-05-07T18:54:01.020] [WARN] default - GET /json/version
[2022-05-07T18:54:01.041] [WARN] default - GET /json
[2022-05-07T18:54:02.101] [WARN] default - GET /json/version
[2022-05-07T18:54:02.115] [WARN] default - GET /json
[2022-05-07T18:54:10.142] [WARN] default - GET /json/version
[2022-05-07T18:54:10.161] [WARN] default - GET /json
[2022-05-07T18:54:13.254] [WARN] default - GET /json/version
[2022-05-07T18:54:13.267] [WARN] default - GET /json
[2022-05-07T18:54:19.288] [WARN] default - GET /json/version
[2022-05-07T18:54:19.303] [WARN] default - GET /json
[2022-05-07T18:54:24.470] [WARN] default - GET /json/version
[2022-05-07T18:54:24.483] [WARN] default - GET /json
[2022-05-07T18:54:28.423] [WARN] default - GET /json/version
[2022-05-07T18:54:28.437] [WARN] default - GET /json
[2022-05-07T18:54:35.671] [WARN] default - GET /json/version
[2022-05-07T18:54:35.685] [WARN] default - GET /json
[2022-05-07T18:54:37.799] [WARN] default - GET /json/version
[2022-05-07T18:54:37.813] [WARN] default - GET /json
[2022-05-07T18:54:47.755] [WARN] default - GET /json/version
[2022-05-07T18:54:47.769] [WARN] default - GET /json
[2022-05-07T18:54:47.939] [WARN] default - GET /json/version
[2022-05-07T18:54:47.967] [WARN] default - GET /json
[2022-05-07T18:54:57.147] [WARN] default - GET /json/version
[2022-05-07T18:54:57.166] [WARN] default - GET /json
[2022-05-07T18:54:59.263] [WARN] default - GET /json/version
[2022-05-07T18:54:59.278] [WARN] default - GET /json
[2022-05-07T18:55:07.356] [WARN] default - GET /json/version
[2022-05-07T18:55:07.375] [WARN] default - GET /json
[2022-05-07T18:55:11.852] [WARN] default - GET /json/version
[2022-05-07T18:55:11.867] [WARN] default - GET /json
[2022-05-07T18:55:17.818] [WARN] default - GET /json/version
[2022-05-07T18:55:17.835] [WARN] default - GET /json
[2022-05-07T18:55:24.712] [WARN] default - GET /json/version
[2022-05-07T18:55:24.725] [WARN] default - GET /json
[2022-05-07T18:55:28.176] [WARN] default - GET /json/version
[2022-05-07T18:55:28.194] [WARN] default - GET /json
[2022-05-07T18:55:37.249] [WARN] default - GET /json/version
[2022-05-07T18:55:37.266] [WARN] default - GET /json
[2022-05-07T18:55:38.409] [WARN] default - GET /json/version
[2022-05-07T18:55:38.427] [WARN] default - GET /json
[2022-05-07T18:55:48.574] [WARN] default - GET /json/version
[2022-05-07T18:55:48.593] [WARN] default - GET /json
[2022-05-07T18:55:49.511] [WARN] default - GET /json/version
[2022-05-07T18:55:49.528] [WARN] default - GET /json
[2022-05-07T18:55:58.977] [WARN] default - GET /json/version
[2022-05-07T18:55:59.003] [WARN] default - GET /json
[2022-05-07T18:56:02.556] [WARN] default - GET /json/version
[2022-05-07T18:56:02.588] [WARN] default - GET /json
[2022-05-07T18:56:09.405] [WARN] default - GET /json/version
[2022-05-07T18:56:09.420] [WARN] default - GET /json
[2022-05-07T18:56:15.648] [WARN] default - GET /json/version
[2022-05-07T18:56:15.663] [WARN] default - GET /json
[2022-05-07T18:56:19.372] [WARN] default - GET /json/version
[2022-05-07T18:56:19.391] [WARN] default - GET /json
[2022-05-07T18:56:21.638] [WARN] default - GET /css/styles.css
[2022-05-07T18:56:22.223] [WARN] default - GET /favicon.ico
[2022-05-07T18:56:28.451] [WARN] default - GET /json/version
[2022-05-07T18:56:28.468] [WARN] default - GET /json
[2022-05-07T18:56:29.548] [WARN] default - GET /json/version
[2022-05-07T18:56:29.567] [WARN] default - GET /json
[2022-05-07T18:56:39.581] [WARN] default - GET /json/version
[2022-05-07T18:56:39.596] [WARN] default - GET /json
[2022-05-07T18:56:40.867] [WARN] default - GET /json/version
[2022-05-07T18:56:40.885] [WARN] default - GET /json
[2022-05-07T18:56:50.056] [WARN] default - GET /json/version
[2022-05-07T18:56:50.102] [WARN] default - GET /json
[2022-05-07T18:56:54.265] [WARN] default - GET /json/version
[2022-05-07T18:56:54.282] [WARN] default - GET /json
[2022-05-07T18:57:00.295] [WARN] default - GET /json/version
[2022-05-07T18:57:00.311] [WARN] default - GET /json
[2022-05-07T18:57:06.683] [WARN] default - GET /json/version
[2022-05-07T18:57:06.697] [WARN] default - GET /json
[2022-05-07T18:57:10.602] [WARN] default - GET /json/version
[2022-05-07T18:57:10.618] [WARN] default - GET /json
[2022-05-07T18:57:19.112] [WARN] default - GET /json/version
[2022-05-07T18:57:19.127] [WARN] default - GET /json
[2022-05-07T18:57:20.276] [WARN] default - GET /json/version
[2022-05-07T18:57:20.313] [WARN] default - GET /json
[2022-05-07T18:57:27.467] [WARN] default - GET /css/styles.css
[2022-05-07T18:57:28.938] [WARN] default - GET /auth/twitter
[2022-05-07T18:57:30.687] [WARN] default - GET /json/version
[2022-05-07T18:57:30.709] [WARN] default - GET /json
[2022-05-07T18:57:31.692] [WARN] default - GET /json/version
[2022-05-07T18:57:31.709] [WARN] default - GET /json
[2022-05-07T18:57:41.372] [WARN] default - GET /json/version
[2022-05-07T18:57:41.387] [WARN] default - GET /json
[2022-05-07T18:57:44.719] [WARN] default - GET /json/version
[2022-05-07T18:57:44.737] [WARN] default - GET /json
[2022-05-07T18:57:51.679] [WARN] default - GET /json/version
[2022-05-07T18:57:51.764] [WARN] default - GET /json
[2022-05-07T18:57:58.018] [WARN] default - GET /json/version
[2022-05-07T18:57:58.161] [WARN] default - GET /json
[2022-05-07T18:57:58.817] [WARN] default - GET /css/styles.css
[2022-05-07T18:58:02.959] [WARN] default - GET /json/version
[2022-05-07T18:58:02.973] [WARN] default - GET /json
[2022-05-07T18:58:10.850] [WARN] default - GET /json/version
[2022-05-07T18:58:10.866] [WARN] default - GET /json
[2022-05-07T18:58:13.092] [WARN] default - GET /json/version
[2022-05-07T18:58:13.107] [WARN] default - GET /json
[2022-05-07T18:58:23.626] [WARN] default - GET /json/version
[2022-05-07T18:58:23.643] [WARN] default - GET /json/version
[2022-05-07T18:58:23.653] [WARN] default - GET /json
[2022-05-07T18:58:23.671] [WARN] default - GET /json
[2022-05-07T18:58:24.148] [WARN] default - GET /css/styles.css
[2022-05-07T18:58:25.046] [WARN] default - GET /auth/twitter
[2022-05-07T18:58:33.055] [WARN] default - GET /json/version
[2022-05-07T18:58:33.064] [WARN] default - GET /json
[2022-05-07T18:58:35.167] [WARN] default - GET /json/version
[2022-05-07T18:58:35.178] [WARN] default - GET /json
[2022-05-07T18:58:37.304] [WARN] default - GET /random
[2022-05-07T18:58:42.189] [WARN] default - GET /json/version
[2022-05-07T18:58:42.204] [WARN] default - GET /json
[2022-05-07T18:58:46.326] [WARN] default - GET /json/version
[2022-05-07T18:58:46.335] [WARN] default - GET /json
[2022-05-07T18:58:51.322] [WARN] default - GET /json/version
[2022-05-07T18:58:51.358] [WARN] default - GET /json
[2022-05-07T18:58:57.571] [WARN] default - GET /json/version
[2022-05-07T18:58:57.589] [WARN] default - GET /json
[2022-05-07T18:59:00.472] [WARN] default - GET /json/version
[2022-05-07T18:59:00.486] [WARN] default - GET /json
[2022-05-07T18:59:00.538] [WARN] default - GET /api
[2022-05-07T18:59:08.715] [WARN] default - GET /json/version
[2022-05-07T18:59:08.725] [WARN] default - GET /json
[2022-05-07T18:59:09.631] [WARN] default - GET /json/version
[2022-05-07T18:59:09.650] [WARN] default - GET /json
[2022-05-07T18:59:18.769] [WARN] default - GET /json/version
[2022-05-07T18:59:18.779] [WARN] default - GET /json
[2022-05-07T18:59:19.897] [WARN] default - GET /json/version
[2022-05-07T18:59:19.911] [WARN] default - GET /json
[2022-05-07T18:59:27.884] [WARN] default - GET /json/version
[2022-05-07T18:59:27.896] [WARN] default - GET /json
[2022-05-07T18:59:31.030] [WARN] default - GET /json/version
[2022-05-07T18:59:31.039] [WARN] default - GET /json
[2022-05-07T18:59:37.025] [WARN] default - GET /json/version
[2022-05-07T18:59:37.039] [WARN] default - GET /json
[2022-05-07T18:59:42.225] [WARN] default - GET /json/version
[2022-05-07T18:59:42.237] [WARN] default - GET /json
[2022-05-07T18:59:46.190] [WARN] default - GET /json/version
[2022-05-07T18:59:46.207] [WARN] default - GET /json
[2022-05-07T18:59:53.401] [WARN] default - GET /json/version
[2022-05-07T18:59:53.409] [WARN] default - GET /json
[2022-05-07T18:59:55.303] [WARN] default - GET /json/version
[2022-05-07T18:59:55.311] [WARN] default - GET /json
[2022-05-07T19:00:04.422] [WARN] default - GET /json/version
[2022-05-07T19:00:04.435] [WARN] default - GET /json
[2022-05-07T19:00:04.574] [WARN] default - GET /json/version
[2022-05-07T19:00:04.586] [WARN] default - GET /json
[2022-05-07T19:00:13.519] [WARN] default - GET /json/version
[2022-05-07T19:00:13.530] [WARN] default - GET /json
[2022-05-07T19:00:15.732] [WARN] default - GET /json/version
[2022-05-07T19:00:15.741] [WARN] default - GET /json
[2022-05-07T19:00:22.656] [WARN] default - GET /json/version
[2022-05-07T19:00:22.664] [WARN] default - GET /json
[2022-05-07T19:00:26.917] [WARN] default - GET /json/version
[2022-05-07T19:00:26.938] [WARN] default - GET /json
[2022-05-07T19:00:31.801] [WARN] default - GET /json/version
[2022-05-07T19:00:31.832] [WARN] default - GET /json
[2022-05-07T19:00:38.088] [WARN] default - GET /json/version
[2022-05-07T19:00:38.096] [WARN] default - GET /json
[2022-05-07T19:00:49.983] [WARN] default - GET /json/version
[2022-05-07T19:00:49.993] [WARN] default - GET /json
[2022-05-07T19:01:01.685] [WARN] default - GET /json/version
[2022-05-07T19:01:01.691] [WARN] default - GET /json
[2022-05-07T19:01:14.876] [WARN] default - GET /json/version
[2022-05-07T19:01:14.883] [WARN] default - GET /json
[2022-05-07T19:01:27.310] [WARN] default - GET /json/version
[2022-05-07T19:01:27.314] [WARN] default - GET /json
[2022-05-07T19:01:38.552] [WARN] default - GET /json/version
[2022-05-07T19:01:38.557] [WARN] default - GET /json
[2022-05-07T19:01:49.707] [WARN] default - GET /json/version
[2022-05-07T19:01:49.714] [WARN] default - GET /json
[2022-05-07T19:02:01.058] [WARN] default - GET /json/version
[2022-05-07T19:02:01.064] [WARN] default - GET /json
[2022-05-07T19:02:12.250] [WARN] default - GET /json/version
[2022-05-07T19:02:12.255] [WARN] default - GET /json
[2022-05-07T19:02:23.409] [WARN] default - GET /json/version
[2022-05-07T19:02:23.415] [WARN] default - GET /json
[2022-05-07T19:02:34.588] [WARN] default - GET /json/version
[2022-05-07T19:02:34.592] [WARN] default - GET /json
[2022-05-07T19:02:45.764] [WARN] default - GET /json/version
[2022-05-07T19:02:45.773] [WARN] default - GET /json
[2022-05-07T19:02:56.935] [WARN] default - GET /json/version
[2022-05-07T19:02:56.940] [WARN] default - GET /json
[2022-05-07T19:03:08.111] [WARN] default - GET /json/version
[2022-05-07T19:03:08.121] [WARN] default - GET /json
[2022-05-07T19:03:19.393] [WARN] default - GET /json/version
[2022-05-07T19:03:19.399] [WARN] default - GET /json
[2022-05-07T19:03:31.125] [WARN] default - GET /json/version
[2022-05-07T19:03:31.129] [WARN] default - GET /json
[2022-05-07T19:03:42.267] [WARN] default - GET /json/version
[2022-05-07T19:03:42.279] [WARN] default - GET /json
[2022-05-07T19:03:53.436] [WARN] default - GET /json/version
[2022-05-07T19:03:53.471] [WARN] default - GET /json
[2022-05-07T19:04:04.624] [WARN] default - GET /json/version
[2022-05-07T19:04:04.630] [WARN] default - GET /json
[2022-05-07T19:04:15.772] [WARN] default - GET /json/version
[2022-05-07T19:04:15.777] [WARN] default - GET /json
